0 info it worked if it ends with ok
1 verbose cli [ '/home/vagrant/.nvm/versions/node/v6.10.3/bin/node',
1 verbose cli   '/home/vagrant/.nvm/versions/node/v6.10.3/bin/npm',
1 verbose cli   'run',
1 verbose cli   'dev' ]
2 info using npm@3.10.10
3 info using node@v6.10.3
4 verbose run-script [ 'predev', 'dev', 'postdev' ]
5 info lifecycle @~predev: @
6 silly lifecycle @~predev: no script for predev, continuing
7 info lifecycle @~dev: @
8 verbose lifecycle @~dev: unsafe-perm in lifecycle true
9 verbose lifecycle @~dev: PATH: /home/vagrant/.nvm/versions/node/v6.10.3/lib/node_modules/npm/bin/node-gyp-bin:/var/www/laravel-app/node_modules/.bin:/home/vagrant/.rvm/gems/ruby-2.4.1/bin:/home/vagrant/.rvm/gems/ruby-2.4.1@global/bin:/home/vagrant/.rvm/rubies/ruby-2.4.1/bin:/home/vagrant/bin:/home/vagrant/.local/bin:~/.config/composer/vendor/bin:/home/vagrant/.nvm/versions/node/v6.10.3/bin:/usr/local/sbin:/usr/local/bin:/usr/sbin:/usr/bin:/sbin:/bin:/usr/games:/usr/local/games:/snap/bin:/home/vagrant/.rvm/bin:/home/vagrant/.rvm/bin
10 verbose lifecycle @~dev: CWD: /var/www/laravel-app
11 silly lifecycle @~dev: Args: [ '-c', 'npm run development' ]
12 silly lifecycle @~dev: Returned: code: 1  signal: null
13 info lifecycle @~dev: Failed to exec dev script
14 verbose stack Error: @ dev: `npm run development`
14 verbose stack Exit status 1
14 verbose stack     at EventEmitter.<anonymous> (/home/vagrant/.nvm/versions/node/v6.10.3/lib/node_modules/npm/lib/utils/lifecycle.js:255:16)
14 verbose stack     at emitTwo (events.js:106:13)
14 verbose stack     at EventEmitter.emit (events.js:191:7)
14 verbose stack     at ChildProcess.<anonymous> (/home/vagrant/.nvm/versions/node/v6.10.3/lib/node_modules/npm/lib/utils/spawn.js:40:14)
14 verbose stack     at emitTwo (events.js:106:13)
14 verbose stack     at ChildProcess.emit (events.js:191:7)
14 verbose stack     at maybeClose (internal/child_process.js:886:16)
14 verbose stack     at Process.ChildProcess._handle.onexit (internal/child_process.js:226:5)
15 verbose pkgid @
16 verbose cwd /var/www/laravel-app
17 error Linux 4.4.0-75-generic
18 error argv "/home/vagrant/.nvm/versions/node/v6.10.3/bin/node" "/home/vagrant/.nvm/versions/node/v6.10.3/bin/npm" "run" "dev"
19 error node v6.10.3
20 error npm  v3.10.10
21 error code ELIFECYCLE
22 error @ dev: `npm run development`
22 error Exit status 1
23 error Failed at the @ dev script 'npm run development'.
23 error Make sure you have the latest version of node.js and npm installed.
23 error If you do, this is most likely a problem with the  package,
23 error not with npm itself.
23 error Tell the author that this fails on your system:
23 error     npm run development
23 error You can get information on how to open an issue for this project with:
23 error     npm bugs
23 error Or if that isn't available, you can get their info via:
23 error     npm owner ls
23 error There is likely additional logging output above.
24 verbose exit [ 1, true ]
